{"/home/acidmange/workspace/hexlet/frontend-project-46/src/getFileDiff.js": {"path":"/home/acidmange/workspace/hexlet/frontend-project-46/src/getFileDiff.js","all":false,"statementMap":{"0":{"start":{"line":1,"column":0},"end":{"line":1,"column":23}},"1":{"start":{"line":2,"column":0},"end":{"line":2,"column":0}},"2":{"start":{"line":3,"column":0},"end":{"line":3,"column":43}},"3":{"start":{"line":4,"column":0},"end":{"line":4,"column":20}},"4":{"start":{"line":5,"column":0},"end":{"line":5,"column":73}},"5":{"start":{"line":6,"column":0},"end":{"line":6,"column":39}},"6":{"start":{"line":7,"column":0},"end":{"line":7,"column":31}},"7":{"start":{"line":8,"column":0},"end":{"line":8,"column":60}},"8":{"start":{"line":9,"column":0},"end":{"line":9,"column":61}},"9":{"start":{"line":10,"column":0},"end":{"line":10,"column":0}},"10":{"start":{"line":11,"column":0},"end":{"line":11,"column":38}},"11":{"start":{"line":12,"column":0},"end":{"line":12,"column":52}},"12":{"start":{"line":13,"column":0},"end":{"line":13,"column":45}},"13":{"start":{"line":14,"column":0},"end":{"line":14,"column":51}},"14":{"start":{"line":15,"column":0},"end":{"line":15,"column":50}},"15":{"start":{"line":16,"column":0},"end":{"line":16,"column":51}},"16":{"start":{"line":17,"column":0},"end":{"line":17,"column":12}},"17":{"start":{"line":18,"column":0},"end":{"line":18,"column":51}},"18":{"start":{"line":19,"column":0},"end":{"line":19,"column":52}},"19":{"start":{"line":20,"column":0},"end":{"line":20,"column":5}},"20":{"start":{"line":21,"column":0},"end":{"line":21,"column":5}},"21":{"start":{"line":22,"column":0},"end":{"line":22,"column":0}},"22":{"start":{"line":23,"column":0},"end":{"line":23,"column":65}},"23":{"start":{"line":24,"column":0},"end":{"line":24,"column":53}},"24":{"start":{"line":25,"column":0},"end":{"line":25,"column":19}},"25":{"start":{"line":26,"column":0},"end":{"line":26,"column":2}},"26":{"start":{"line":27,"column":0},"end":{"line":27,"column":0}},"27":{"start":{"line":28,"column":0},"end":{"line":28,"column":24}}},"s":{"0":1,"1":1,"2":1,"3":4,"4":4,"5":4,"6":4,"7":25,"8":25,"9":25,"10":25,"11":9,"12":25,"13":11,"14":16,"15":2,"16":5,"17":3,"18":3,"19":3,"20":4,"21":4,"22":4,"23":4,"24":4,"25":4,"26":1,"27":1},"branchMap":{"0":{"type":"branch","line":3,"loc":{"start":{"line":3,"column":17},"end":{"line":26,"column":2}},"locations":[{"start":{"line":3,"column":17},"end":{"line":26,"column":2}}]},"1":{"type":"branch","line":7,"loc":{"start":{"line":7,"column":22},"end":{"line":21,"column":3}},"locations":[{"start":{"line":7,"column":22},"end":{"line":21,"column":3}}]},"2":{"type":"branch","line":11,"loc":{"start":{"line":11,"column":19},"end":{"line":11,"column":35}},"locations":[{"start":{"line":11,"column":19},"end":{"line":11,"column":35}}]},"3":{"type":"branch","line":11,"loc":{"start":{"line":11,"column":37},"end":{"line":13,"column":5}},"locations":[{"start":{"line":11,"column":37},"end":{"line":13,"column":5}}]},"4":{"type":"branch","line":13,"loc":{"start":{"line":13,"column":5},"end":{"line":20,"column":5}},"locations":[{"start":{"line":13,"column":5},"end":{"line":20,"column":5}}]},"5":{"type":"branch","line":13,"loc":{"start":{"line":13,"column":27},"end":{"line":13,"column":42}},"locations":[{"start":{"line":13,"column":27},"end":{"line":13,"column":42}}]},"6":{"type":"branch","line":13,"loc":{"start":{"line":13,"column":44},"end":{"line":15,"column":5}},"locations":[{"start":{"line":13,"column":44},"end":{"line":15,"column":5}}]},"7":{"type":"branch","line":15,"loc":{"start":{"line":15,"column":5},"end":{"line":20,"column":5}},"locations":[{"start":{"line":15,"column":5},"end":{"line":20,"column":5}}]},"8":{"type":"branch","line":15,"loc":{"start":{"line":15,"column":49},"end":{"line":17,"column":5}},"locations":[{"start":{"line":15,"column":49},"end":{"line":17,"column":5}}]},"9":{"type":"branch","line":17,"loc":{"start":{"line":17,"column":5},"end":{"line":20,"column":5}},"locations":[{"start":{"line":17,"column":5},"end":{"line":20,"column":5}}]},"10":{"type":"branch","line":23,"loc":{"start":{"line":23,"column":33},"end":{"line":23,"column":63}},"locations":[{"start":{"line":23,"column":33},"end":{"line":23,"column":63}}]}},"b":{"0":[4],"1":[25],"2":[14],"3":[9],"4":[16],"5":[11],"6":[11],"7":[5],"8":[2],"9":[3],"10":[28]},"fnMap":{"0":{"name":"fileDiff","decl":{"start":{"line":3,"column":17},"end":{"line":26,"column":2}},"loc":{"start":{"line":3,"column":17},"end":{"line":26,"column":2}},"line":3}},"f":{"0":4}}
}
