TN:
SF:src/getFileDiff.js
FN:3,fileDiff
FNF:1
FNH:1
FNDA:4,fileDiff
DA:1,1
DA:2,1
DA:3,1
DA:4,4
DA:5,4
DA:6,4
DA:7,4
DA:8,25
DA:9,25
DA:10,25
DA:11,25
DA:12,9
DA:13,25
DA:14,11
DA:15,16
DA:16,2
DA:17,5
DA:18,3
DA:19,3
DA:20,3
DA:21,4
DA:22,4
DA:23,4
DA:24,4
DA:25,4
DA:26,4
DA:27,1
DA:28,1
LF:28
LH:28
BRDA:3,0,0,4
BRDA:7,1,0,25
BRDA:11,2,0,14
BRDA:11,3,0,9
BRDA:13,4,0,16
BRDA:13,5,0,11
BRDA:13,6,0,11
BRDA:15,7,0,5
BRDA:15,8,0,2
BRDA:17,9,0,3
BRDA:23,10,0,28
BRF:11
BRH:11
end_of_record
TN:
SF:src/getFileInfo.js
FN:5,fileParser
FNF:1
FNH:1
FNDA:6,fileParser
DA:1,1
DA:2,1
DA:3,1
DA:4,1
DA:5,1
DA:6,6
DA:7,6
DA:8,6
DA:9,6
DA:10,6
DA:11,6
DA:12,1
DA:13,1
DA:14,5
DA:15,5
DA:16,5
DA:17,6
DA:18,1
DA:19,1
DA:20,4
DA:21,4
DA:22,4
DA:23,6
DA:24,3
DA:25,3
DA:26,6
DA:27,1
DA:28,1
DA:29,6
DA:30,6
DA:31,1
DA:32,1
LF:32
LH:32
BRDA:5,0,0,6
BRDA:11,1,0,1
BRDA:13,2,0,5
BRDA:17,3,0,1
BRDA:19,4,0,4
BRDA:23,5,0,3
BRDA:26,6,0,1
BRF:7
BRH:7
end_of_record
